[debug] [2021-12-09T08:33:35.705Z] ----------------------------------------------------------------------
[debug] [2021-12-09T08:33:35.707Z] Command:       D:\Softwares\firebase\firebase-tools-instant-win.exe C:\Users\91888\.cache\firebase\tools\lib\node_modules\firebase-tools\lib\bin\firebase init
[debug] [2021-12-09T08:33:35.707Z] CLI Version:   9.23.1
[debug] [2021-12-09T08:33:35.707Z] Platform:      win32
[debug] [2021-12-09T08:33:35.707Z] Node Version:  v12.18.1
[debug] [2021-12-09T08:33:35.708Z] Time:          Thu Dec 09 2021 14:03:35 GMT+0530 (India Standard Time)
[debug] [2021-12-09T08:33:35.709Z] ----------------------------------------------------------------------
[debug] 
[debug] [2021-12-09T08:33:35.715Z] > command requires scopes: ["email","openid","https://www.googleapis.com/auth/cloudplatformprojects.readonly","https://www.googleapis.com/auth/firebase","https://www.googleapis.com/auth/cloud-platform"]
[debug] [2021-12-09T08:33:35.715Z] > authorizing via signed-in user (11.himanshu2@gmail.com)
[info] 
     ######## #### ########  ######## ########     ###     ######  ########
     ##        ##  ##     ## ##       ##     ##  ##   ##  ##       ##
     ######    ##  ########  ######   ########  #########  ######  ######
     ##        ##  ##    ##  ##       ##     ## ##     ##       ## ##
     ##       #### ##     ## ######## ########  ##     ##  ######  ########

You're about to initialize a Firebase project in this directory:

  D:\Downloads\iisc-workshop (1)

[info] 
=== Project Setup
[info] 
[info] First, let's associate this project directory with a Firebase project.
[info] You can create multiple project aliases by running firebase use --add, 
[info] but for now we'll just set up a default project.
[info] 
[info] 
=== Hosting Setup
[info] 
[info] Your public directory is the folder (relative to your project directory) that
[info] will contain Hosting assets to be uploaded with firebase deploy. If you
[info] have a build process for your assets, use your build's output directory.
[info] 
[debug] [2021-12-09T08:54:31.469Z] >>> [apiv2][query] GET https://www.gstatic.com/firebasejs/releases.json [none]
[debug] [2021-12-09T08:54:33.577Z] <<< [apiv2][status] GET https://www.gstatic.com/firebasejs/releases.json 200
[debug] [2021-12-09T08:54:33.577Z] <<< [apiv2][body] GET https://www.gstatic.com/firebasejs/releases.json {"current":{"version":"9.6.0","browserURL":"https://www.gstatic.com/firebasejs/9.6.0/firebase.js","packageURL":"https://www.gstatic.com/firebasejs/9.6.0/firebase.tgz"},"live":{"version":"9.6","browserURL":"https://www.gstatic.com/firebasejs/live/9.6/firebase.js","packageURL":"https://www.gstatic.com/firebasejs/live/9.6/firebase.tgz"},"components":{"analytics":"https://www.gstatic.com/firebasejs/9.6.0/firebase-analytics.js","app":"https://www.gstatic.com/firebasejs/9.6.0/firebase-app.js","app-check":"https://www.gstatic.com/firebasejs/9.6.0/firebase-app-check.js","auth":"https://www.gstatic.com/firebasejs/9.6.0/firebase-auth.js","auth/cordova":"https://www.gstatic.com/firebasejs/9.6.0/firebase-auth/cordova.js","auth/react-native":"https://www.gstatic.com/firebasejs/9.6.0/firebase-auth/react-native.js","functions":"https://www.gstatic.com/firebasejs/9.6.0/firebase-functions.js","firestore":"https://www.gstatic.com/firebasejs/9.6.0/firebase-firestore.js","firestore/lite":"https://www.gstatic.com/firebasejs/9.6.0/firebase-firestore/lite.js","storage":"https://www.gstatic.com/firebasejs/9.6.0/firebase-storage.js","performance":"https://www.gstatic.com/firebasejs/9.6.0/firebase-performance.js","remote-config":"https://www.gstatic.com/firebasejs/9.6.0/firebase-remote-config.js","messaging":"https://www.gstatic.com/firebasejs/9.6.0/firebase-messaging.js","messaging/sw":"https://www.gstatic.com/firebasejs/9.6.0/firebase-messaging/sw.js","database":"https://www.gstatic.com/firebasejs/9.6.0/firebase-database.js","firestore.memory":"https://www.gstatic.com/firebasejs/9.6.0/firebase-firestore.memory.js"}}
[debug] [2021-12-09T08:54:33.588Z] Error: D:\Downloads\iisc-workshop (1)\"D:\Downloads\iisc-workshop (1)" contains invalid WIN32 path characters.
    at Object.mkdirsSync (C:\Users\91888\.cache\firebase\tools\lib\node_modules\fs-extra\lib\mkdirs\mkdirs-sync.js:18:22)
    at Object.createFileSync (C:\Users\91888\.cache\firebase\tools\lib\node_modules\fs-extra\lib\ensure\file.js:40:11)
    at Config.writeProjectFile (C:\Users\91888\.cache\firebase\tools\lib\node_modules\firebase-tools\lib\config.js:144:12)
    at C:\Users\91888\.cache\firebase\tools\lib\node_modules\firebase-tools\lib\config.js:162:22
    at processTicksAndRejections (internal/process/task_queues.js:97:5)
[error] 
[error] Error: An unexpected error has occurred.
